[15:02:10] [main/INFO] (FabricLoader/GameProvider) Loading Minecraft 1.17.1 with Fabric Loader 0.17.3
[15:02:10] [main/INFO] (FabricLoader) Loading 54 mods:
	- fabric 0.46.1+1.17
	- fabric-api-base 0.4.0+cf39a74318
	- fabric-api-lookup-api-v1 1.5.0+e821752d18
	- fabric-biome-api-v1 3.2.2+cf39a74318
	- fabric-blockrenderlayer-v1 1.1.6+cf39a74318
	- fabric-command-api-v1 1.1.4+cf39a74318
	- fabric-commands-v0 0.2.3+cf39a74318
	- fabric-containers-v0 0.1.13+cf39a74318
	- fabric-content-registries-v0 0.4.1+3447790d18
	- fabric-crash-report-info-v1 0.1.6+cf39a74318
	- fabric-data-generation-api-v1 1.1.2+4a20890318
	- fabric-dimensions-v1 2.0.15+b556f28c18
	- fabric-entity-events-v1 1.4.1+377137cc18
	- fabric-events-interaction-v0 0.4.12+e99fbe1218
	- fabric-events-lifecycle-v0 0.2.4+cf39a74318
	- fabric-game-rule-api-v1 1.0.8+cf39a74318
	- fabric-gametest-api-v1 1.0.5+234bdc2e18
	- fabric-item-api-v1 1.3.0+6617390918
	- fabric-item-groups-v0 0.3.2+cf39a74318
	- fabric-key-binding-api-v1 1.0.6+2a2bb57318
	- fabric-keybindings-v0 0.2.4+cf39a74318
	- fabric-lifecycle-events-v1 1.4.6+0392f3a618
	- fabric-loot-tables-v1 1.0.5+cf39a74318
	- fabric-mining-level-api-v1 1.0.3+cf39a74318
	- fabric-mining-levels-v0 0.1.7+cf39a74318
	- fabric-models-v0 0.3.1+cf39a74318
	- fabric-networking-api-v1 1.0.14+cf39a74318
	- fabric-networking-blockentity-v0 0.2.12+cf39a74318
	- fabric-networking-v0 0.3.3+cf39a74318
	- fabric-object-builder-api-v1 1.11.1+f907116918
	- fabric-object-builders-v0 0.7.8+cf39a74318
	- fabric-particles-v1 0.2.5+cf39a74318
	- fabric-registry-sync-v0 0.8.0+ea29b33318
	- fabric-renderer-api-v1 0.4.6+ce16ae5918
	- fabric-renderer-indigo 0.4.10+ce16ae5918
	- fabric-renderer-registries-v1 3.2.6+cf39a74318
	- fabric-rendering-data-attachment-v1 0.1.6+cf39a74318
	- fabric-rendering-fluids-v1 0.2.1+cf39a74318
	- fabric-rendering-v0 1.1.7+cf39a74318
	- fabric-rendering-v1 1.10.1+377137cc18
	- fabric-resource-conditions-api-v1 1.0.1+591a0f2118
	- fabric-resource-loader-v0 0.4.10+f09604ce18
	- fabric-screen-api-v1 1.0.5+cf39a74318
	- fabric-screen-handler-api-v1 1.1.9+cf39a74318
	- fabric-structure-api-v1 1.2.0+48a9ad8918
	- fabric-tag-extensions-v0 1.2.3+cf39a74318
	- fabric-textures-v0 1.0.7+cf39a74318
	- fabric-tool-attribute-api-v1 1.3.3+3b96517518
	- fabric-transfer-api-v1 1.5.4+cf39a74318
	- fabricloader 0.17.3
	- faster-loading 1.0.0
	- java 21
	- minecraft 1.17.1
	- mixinextras 0.5.0
[15:02:10] [main/INFO] (FabricLoader/Mixin) SpongePowered MIXIN Subsystem Version=0.8.7 Source=file:/home/four_dj/.gradle/caches/modules-2/files-2.1/net.fabricmc/sponge-mixin/0.16.5+mixin.0.8.7/80fc3a9f592673cea87f4cd702f87991c6c9fe4d/sponge-mixin-0.16.5+mixin.0.8.7.jar Service=Knot/Fabric Env=CLIENT
[15:02:10] [main/INFO] (FabricLoader/Mixin) Loaded Fabric development mappings for mixin remapper!
[15:02:10] [main/INFO] (FabricLoader/Mixin) Compatibility level set to JAVA_16
[15:02:11] [main/INFO] (FabricLoader/MixinExtras|Service) Initializing MixinExtras via com.llamalad7.mixinextras.service.MixinExtrasServiceImpl(version=0.5.0).
[15:02:11] [main/WARN] (FileUtil) Configuration conflict: there is more than one oshi.properties file on the classpath
[15:02:11] [main/WARN] (FileUtil) Configuration conflict: there is more than one oshi.architecture.properties file on the classpath
[15:02:13] [Render thread/INFO] (Minecraft) Environment: authHost='https://authserver.mojang.com', accountsHost='https://api.mojang.com', sessionHost='https://sessionserver.mojang.com', servicesHost='https://api.minecraftservices.com', name='PROD'
[15:02:13] [Render thread/ERROR] (Minecraft) Failed to verify authentication
com.mojang.authlib.exceptions.InvalidCredentialsException: Status: 401
	at com.mojang.authlib.exceptions.MinecraftClientHttpException.toAuthenticationException(MinecraftClientHttpException.java:56) ~[authlib-2.3.31.jar:?]
	at com.mojang.authlib.yggdrasil.YggdrasilSocialInteractionsService.checkPrivileges(YggdrasilSocialInteractionsService.java:112) ~[authlib-2.3.31.jar:?]
	at com.mojang.authlib.yggdrasil.YggdrasilSocialInteractionsService.<init>(YggdrasilSocialInteractionsService.java:42) ~[authlib-2.3.31.jar:?]
	at com.mojang.authlib.yggdrasil.YggdrasilAuthenticationService.createSocialInteractionsService(YggdrasilAuthenticationService.java:151) ~[authlib-2.3.31.jar:?]
	at net.minecraft.client.Minecraft.createSocialInteractions(Minecraft.java:670) [minecraft-merged-c8eed0b5f8-1.17.1-loom.mappings.1_17_1.layered+hash.2198-v2.jar:?]
	at net.minecraft.client.Minecraft.<init>(Minecraft.java:429) [minecraft-merged-c8eed0b5f8-1.17.1-loom.mappings.1_17_1.layered+hash.2198-v2.jar:?]
	at net.minecraft.client.main.Main.main(Main.java:179) [minecraft-merged-c8eed0b5f8-1.17.1-loom.mappings.1_17_1.layered+hash.2198-v2.jar:?]
	at net.fabricmc.loader.impl.game.minecraft.MinecraftGameProvider.launch(MinecraftGameProvider.java:506) [fabric-loader-0.17.3.jar:?]
	at net.fabricmc.loader.impl.launch.knot.Knot.launch(Knot.java:72) [fabric-loader-0.17.3.jar:?]
	at net.fabricmc.loader.impl.launch.knot.KnotClient.main(KnotClient.java:23) [fabric-loader-0.17.3.jar:?]
	at net.fabricmc.devlaunchinjector.Main.main(Main.java:86) [dev-launch-injector-0.2.1+build.8.jar:?]
Caused by: com.mojang.authlib.exceptions.MinecraftClientHttpException: Status: 401
	at com.mojang.authlib.minecraft.client.MinecraftClient.readInputStream(MinecraftClient.java:77) ~[authlib-2.3.31.jar:?]
	at com.mojang.authlib.minecraft.client.MinecraftClient.get(MinecraftClient.java:47) ~[authlib-2.3.31.jar:?]
	at com.mojang.authlib.yggdrasil.YggdrasilSocialInteractionsService.checkPrivileges(YggdrasilSocialInteractionsService.java:104) ~[authlib-2.3.31.jar:?]
	... 9 more
[15:02:13] [Render thread/INFO] (Minecraft) Setting user: Player149
[15:02:13] [Render thread/WARN] (FabricLoader/Mixin) @Inject(@At("INVOKE")) Shift.BY=3 on fabric-lifecycle-events-v1.mixins.json:client.WorldChunkMixin from mod fabric-lifecycle-events-v1::handler$zdj000$fabric-lifecycle-events-v1$onLoadBlockEntity exceeds the maximum allowed value: 0. Increase the value of maxShiftBy to suppress this warning.
[15:02:13] [Render thread/INFO] (Indigo) [Indigo] Registering Indigo renderer!
[15:02:14] [Render thread/INFO] (Minecraft) Backend library: LWJGL version 3.3.2-snapshot
[15:02:14] [Render thread/INFO] (Minecraft) [STDERR]: [LWJGL] [ThreadLocalUtil] Unsupported JNI version detected, this may result in a crash. Please inform LWJGL developers.
[15:02:14] [Render thread/WARN] (Minecraft) ERROR : Couldn't load Narrator library : Unable to load library 'fliteWrapper':
libflite.so.1: cannot open shared object file: No such file or directory
libflite.so.1: cannot open shared object file: No such file or directory
Native library (linux-x86-64/libfliteWrapper.so) not found in resource path (/home/four_dj/Projects/Java/Minecraft/faster-loading-template-1.17.1/build/classes/java/main:/home/four_dj/Projects/Java/Minecraft/faster-loading-template-1.17.1/build/resources/main:/home/four_dj/.gradle/caches/fabric-loom/1.17.1/loom.mappings.1_17_1.layered+hash.2198-v2/mappings.jar:/home/four_dj/.gradle/caches/modules-2/files-2.1/org.ow2.asm/asm/9.9/c29635c8a7afa03d74b33c1884df8abb2b3f3dcc/asm-9.9.jar:/home/four_dj/.gradle/caches/modules-2/files-2.1/org.ow2.asm/asm-analysis/9.9/bf4fa6e66638851c1cd22c2caea0c3ee5d5f437/asm-analysis-9.9.jar:/home/four_dj/.gradle/caches/modules-2/files-2.1/org.ow2.asm/asm-commons/9.9/db9165a3bf908ded6b08612d583a15d1d0c7bda0/asm-commons-9.9.jar:/home/four_dj/.gradle/caches/modules-2/files-2.1/org.ow2.asm/asm-tree/9.9/f8de6eead6d24dd0f45bd065bbe112b2cda6ea21/asm-tree-9.9.jar:/home/four_dj/.gradle/caches/modules-2/files-2.1/org.ow2.asm/asm-util/9.9/42fdfc0508b43807c8078d6e82ecff2ce2112ae8/asm-util-9.9.jar:/home/four_dj/.gradle/caches/modules-2/files-2.1/net.fabricmc/sponge-mixin/0.16.5+mixin.0.8.7/80fc3a9f592673cea87f4cd702f87991c6c9fe4d/sponge-mixin-0.16.5+mixin.0.8.7.jar:/home/four_dj/.gradle/caches/modules-2/files-2.1/io.github.llamalad7/mixinextras-fabric/0.5.0/91a83dfb7abd320f6236bd1fcf5c0ff143d59a13/mixinextras-fabric-0.5.0.jar:/home/four_dj/.gradle/caches/modules-2/files-2.1/net.fabricmc/dev-launch-injector/0.2.1+build.8/da8bef7e6e2f952da707f282bdb46882a0fce5e3/dev-launch-injector-0.2.1+build.8.jar:/home/four_dj/.gradle/caches/modules-2/files-2.1/net.fabricmc/fabric-log4j-util/1.0.2/ef0b3fb613356feb75a67d54f2fad6f03a006648/fabric-log4j-util-1.0.2.jar:/home/four_dj/.gradle/caches/modules-2/files-2.1/com.mojang/blocklist/1.0.5/9da540f21c9a8d5ed7c029e1f88d1a6dabb0d6ad/blocklist-1.0.5.jar:/home/four_dj/.gradle/caches/modules-2/files-2.1/com.mojang/patchy/2.1.6/ce112c16c6275fdfff2d30208533ec906a191f71/patchy-2.1.6.jar:/home/four_dj/.gradle/caches/modules-2/files-2.1/com.github.oshi/oshi-core/5.7.5/725374463734aacde70a3b20f018aca3f922655f/oshi-core-5.7.5.jar:/home/four_dj/.gradle/caches/modules-2/files-2.1/net.java.dev.jna/jna/5.8.0/3551d8d827e54858214107541d3aff9c615cb615/jna-5.8.0.jar:/home/four_dj/.gradle/caches/modules-2/files-2.1/net.java.dev.jna/jna-platform/5.8.0/2f12f6d7f7652270d13624cef1b82d8cd9a5398e/jna-platform-5.8.0.jar:/home/four_dj/.gradle/caches/modules-2/files-2.1/org.slf4j/slf4j-api/1.8.0-beta4/83b0359d847ee053d745be7ec0d8e9e8a44304b4/slf4j-api-1.8.0-beta4.jar:/home/four_dj/.gradle/caches/modules-2/files-2.1/org.apache.logging.log4j/log4j-slf4j18-impl/2.14.1/312b4d91b21160b9fab43600fa787f31e8cab930/log4j-slf4j18-impl-2.14.1.jar:/home/four_dj/.gradle/caches/modules-2/files-2.1/com.ibm.icu/icu4j/66.1/72c7519b6d91f7a1f993bd44a99fe95d67211b27/icu4j-66.1.jar:/home/four_dj/.gradle/caches/modules-2/files-2.1/com.mojang/javabridge/1.1.23/3e5084d916ba393dfd82928ec97663aeb10b2e2c/javabridge-1.1.23.jar:/home/four_dj/.gradle/caches/modules-2/files-2.1/net.sf.jopt-simple/jopt-simple/5.0.3/cdd846cfc4e0f7eefafc02c0f5dce32b9303aa2a/jopt-simple-5.0.3.jar:/home/four_dj/.gradle/caches/modules-2/files-2.1/io.netty/netty-all/4.1.25.Final/d0626cd3108294d1d58c05859add27b4ef21f83b/netty-all-4.1.25.Final.jar:/home/four_dj/.gradle/caches/modules-2/files-2.1/com.google.guava/guava/21.0/3a3d111be1be1b745edfa7d91678a12d7ed38709/guava-21.0.jar:/home/four_dj/.gradle/caches/modules-2/files-2.1/org.apache.commons/commons-lang3/3.5/6c6c702c89bfff3cd9e80b04d668c5e190d588c6/commons-lang3-3.5.jar:/home/four_dj/.gradle/caches/modules-2/files-2.1/commons-io/commons-io/2.5/2852e6e05fbb95076fc091f6d1780f1f8fe35e0f/commons-io-2.5.jar:/home/four_dj/.gradle/caches/modules-2/files-2.1/commons-codec/commons-codec/1.10/4b95f4897fa13f2cd904aee711aeafc0c5295cd8/commons-codec-1.10.jar:/home/four_dj/.gradle/caches/modules-2/files-2.1/net.java.jinput/jinput/2.0.5/39c7796b469a600f72380316f6b1f11db6c2c7c4/jinput-2.0.5.jar:/home/four_dj/.gradle/caches/modules-2/files-2.1/net.java.jutils/jutils/1.0.0/e12fe1fda814bd348c1579329c86943d2cd3c6a6/jutils-1.0.0.jar:/home/four_dj/.gradle/caches/modules-2/files-2.1/com.mojang/brigadier/1.0.18/c1ef1234282716483c92183f49bef47b1a89bfa9/brigadier-1.0.18.jar:/home/four_dj/.gradle/caches/modules-2/files-2.1/com.mojang/datafixerupper/4.0.26/ebd6690f33871ccee9b6132c6480668ee2e35020/datafixerupper-4.0.26.jar:/home/four_dj/.gradle/caches/modules-2/files-2.1/com.google.code.gson/gson/2.8.0/c4ba5371a29ac9b2ad6129b1d39ea38750043eff/gson-2.8.0.jar:/home/four_dj/.gradle/caches/modules-2/files-2.1/com.mojang/authlib/2.3.31/bbd00ca33b052f73a6312254780fc580d2da3535/authlib-2.3.31.jar:/home/four_dj/.gradle/caches/modules-2/files-2.1/org.apache.commons/commons-compress/1.8.1/a698750c16740fd5b3871425f4cb3bbaa87f529d/commons-compress-1.8.1.jar:/home/four_dj/.gradle/caches/modules-2/files-2.1/org.apache.httpcomponents/httpclient/4.3.3/18f4247ff4572a074444572cee34647c43e7c9c7/httpclient-4.3.3.jar:/home/four_dj/.gradle/caches/modules-2/files-2.1/commons-logging/commons-logging/1.1.3/f6f66e966c70a83ffbdb6f17a0919eaf7c8aca7f/commons-logging-1.1.3.jar:/home/four_dj/.gradle/caches/modules-2/files-2.1/org.apache.httpcomponents/httpcore/4.3.2/31fbbff1ddbf98f3aa7377c94d33b0447c646b6e/httpcore-4.3.2.jar:/home/four_dj/.gradle/caches/modules-2/files-2.1/it.unimi.dsi/fastutil/8.2.1/5ad88f325e424f8dbc2be5459e21ea5cab3864e9/fastutil-8.2.1.jar:/home/four_dj/.gradle/caches/modules-2/files-2.1/org.apache.logging.log4j/log4j-api/2.14.1/cd8858fbbde69f46bce8db1152c18a43328aae78/log4j-api-2.14.1.jar:/home/four_dj/.gradle/caches/modules-2/files-2.1/org.apache.logging.log4j/log4j-core/2.14.1/9141212b8507ab50a45525b545b39d224614528b/log4j-core-2.14.1.jar:/home/four_dj/.gradle/caches/modules-2/files-2.1/org.lwjgl/lwjgl/3.3.2/4421d94af68e35dcaa31737a6fc59136a1e61b94/lwjgl-3.3.2.jar:/home/four_dj/.gradle/caches/modules-2/files-2.1/org.lwjgl/lwjgl-jemalloc/3.3.2/877e17e39ebcd58a9c956dc3b5b777813de0873a/lwjgl-jemalloc-3.3.2.jar:/home/four_dj/.gradle/caches/modules-2/files-2.1/org.lwjgl/lwjgl-openal/3.3.2/ae5357ed6d934546d3533993ea84c0cfb75eed95/lwjgl-openal-3.3.2.jar:/home/four_dj/.gradle/caches/modules-2/files-2.1/org.lwjgl/lwjgl-opengl/3.3.2/ee8e95be0b438602038bc1f02dc5e3d011b1b216/lwjgl-opengl-3.3.2.jar:/home/four_dj/.gradle/caches/modules-2/files-2.1/org.lwjgl/lwjgl-glfw/3.3.2/757920418805fb90bfebb3d46b1d9e7669fca2eb/lwjgl-glfw-3.3.2.jar:/home/four_dj/.gradle/caches/modules-2/files-2.1/org.lwjgl/lwjgl-stb/3.3.2/a2550795014d622b686e9caac50b14baa87d2c70/lwjgl-stb-3.3.2.jar:/home/four_dj/.gradle/caches/modules-2/files-2.1/org.lwjgl/lwjgl-tinyfd/3.3.2/9f65c248dd77934105274fcf8351abb75b34327c/lwjgl-tinyfd-3.3.2.jar:/home/four_dj/.gradle/caches/modules-2/files-2.1/com.mojang/text2speech/1.11.3/f378f889797edd7df8d32272c06ca80a1b6b0f58/text2speech-1.11.3.jar:/home/four_dj/Projects/Java/Minecraft/faster-loading-template-1.17.1/.gradle/loom-cache/minecraftMaven/net/minecraft/minecraft-merged-c8eed0b5f8/1.17.1-loom.mappings.1_17_1.layered+hash.2198-v2/minecraft-merged-c8eed0b5f8-1.17.1-loom.mappings.1_17_1.layered+hash.2198-v2.jar:/home/four_dj/.gradle/caches/modules-2/files-2.1/net.fabricmc/fabric-loader/0.17.3/deafaba5de4d9bbd76105783ff4e21ce0773874f/fabric-loader-0.17.3.jar:/home/four_dj/Projects/Java/Minecraft/faster-loading-template-1.17.1/.gradle/loom-cache/remapped_mods/remapped/net/fabricmc/fabric-api/fabric-api-293d29cc/0.46.1+1.17/fabric-api-293d29cc-0.46.1+1.17.jar:/home/four_dj/Projects/Java/Minecraft/faster-loading-template-1.17.1/.gradle/loom-cache/remapped_mods/remapped/net/fabricmc/fabric-api/fabric-transfer-api-v1-293d29cc/1.5.4+cf39a74318/fabric-transfer-api-v1-293d29cc-1.5.4+cf39a74318.jar:/home/four_dj/Projects/Java/Minecraft/faster-loading-template-1.17.1/.gradle/loom-cache/remapped_mods/remapped/net/fabricmc/fabric-api/fabric-api-lookup-api-v1-293d29cc/1.5.0+e821752d18/fabric-api-lookup-api-v1-293d29cc-1.5.0+e821752d18.jar:/home/four_dj/Projects/Java/Minecraft/faster-loading-template-1.17.1/.gradle/loom-cache/remapped_mods/remapped/net/fabricmc/fabric-api/fabric-blockrenderlayer-v1-293d29cc/1.1.6+cf39a74318/fabric-blockrenderlayer-v1-293d29cc-1.1.6+cf39a74318.jar:/home/four_dj/Projects/Java/Minecraft/faster-loading-template-1.17.1/.gradle/loom-cache/remapped_mods/remapped/net/fabricmc/fabric-api/fabric-commands-v0-293d29cc/0.2.3+cf39a74318/fabric-commands-v0-293d29cc-0.2.3+cf39a74318.jar:/home/four_dj/Projects/Java/Minecraft/faster-loading-template-1.17.1/.gradle/loom-cache/remapped_mods/remapped/net/fabricmc/fabric-api/fabric-command-api-v1-293d29cc/1.1.4+cf39a74318/fabric-command-api-v1-293d29cc-1.1.4+cf39a74318.jar:/home/four_dj/Projects/Java/Minecraft/faster-loading-template-1.17.1/.gradle/loom-cache/remapped_mods/remapped/net/fabricmc/fabric-api/fabric-containers-v0-293d29cc/0.1.13+cf39a74318/fabric-containers-v0-293d29cc-0.1.13+cf39a74318.jar:/home/four_dj/Projects/Java/Minecraft/faster-loading-template-1.17.1/.gradle/loom-cache/remapped_mods/remapped/net/fabricmc/fabric-api/fabric-content-registries-v0-293d29cc/0.4.1+3447790d18/fabric-content-registries-v0-293d29cc-0.4.1+3447790d18.jar:/home/four_dj/Projects/Java/Minecraft/faster-loading-template-1.17.1/.gradle/loom-cache/remapped_mods/remapped/net/fabricmc/fabric-api/fabric-data-generation-api-v1-293d29cc/1.1.2+4a20890318/fabric-data-generation-api-v1-293d29cc-1.1.2+4a20890318.jar:/home/four_dj/Projects/Java/Minecraft/faster-loading-template-1.17.1/.gradle/loom-cache/remapped_mods/remapped/net/fabricmc/fabric-api/fabric-dimensions-v1-293d29cc/2.0.15+b556f28c18/fabric-dimensions-v1-293d29cc-2.0.15+b556f28c18.jar:/home/four_dj/Projects/Java/Minecraft/faster-loading-template-1.17.1/.gradle/loom-cache/remapped_mods/remapped/net/fabricmc/fabric-api/fabric-entity-events-v1-293d29cc/1.4.1+377137cc18/fabric-entity-events-v1-293d29cc-1.4.1+377137cc18.jar:/home/four_dj/Projects/Java/Minecraft/faster-loading-template-1.17.1/.gradle/loom-cache/remapped_mods/remapped/net/fabricmc/fabric-api/fabric-events-interaction-v0-293d29cc/0.4.12+e99fbe1218/fabric-events-interaction-v0-293d29cc-0.4.12+e99fbe1218.jar:/home/four_dj/Projects/Java/Minecraft/faster-loading-template-1.17.1/.gradle/loom-cache/remapped_mods/remapped/net/fabricmc/fabric-api/fabric-events-lifecycle-v0-293d29cc/0.2.4+cf39a74318/fabric-events-lifecycle-v0-293d29cc-0.2.4+cf39a74318.jar:/home/four_dj/Projects/Java/Minecraft/faster-loading-template-1.17.1/.gradle/loom-cache/remapped_mods/remapped/net/fabricmc/fabric-api/fabric-gametest-api-v1-293d29cc/1.0.5+234bdc2e18/fabric-gametest-api-v1-293d29cc-1.0.5+234bdc2e18.jar:/home/four_dj/Projects/Java/Minecraft/faster-loading-template-1.17.1/.gradle/loom-cache/remapped_mods/remapped/net/fabricmc/fabric-api/fabric-item-api-v1-293d29cc/1.3.0+6617390918/fabric-item-api-v1-293d29cc-1.3.0+6617390918.jar:/home/four_dj/Projects/Java/Minecraft/faster-loading-template-1.17.1/.gradle/loom-cache/remapped_mods/remapped/net/fabricmc/fabric-api/fabric-item-groups-v0-293d29cc/0.3.2+cf39a74318/fabric-item-groups-v0-293d29cc-0.3.2+cf39a74318.jar:/home/four_dj/Projects/Java/Minecraft/faster-loading-template-1.17.1/.gradle/loom-cache/remapped_mods/remapped/net/fabricmc/fabric-api/fabric-structure-api-v1-293d29cc/1.2.0+48a9ad8918/fabric-structure-api-v1-293d29cc-1.2.0+48a9ad8918.jar:/home/four_dj/Projects/Java/Minecraft/faster-loading-template-1.17.1/.gradle/loom-cache/remapped_mods/remapped/net/fabricmc/fabric-api/fabric-lifecycle-events-v1-293d29cc/1.4.6+0392f3a618/fabric-lifecycle-events-v1-293d29cc-1.4.6+0392f3a618.jar:/home/four_dj/Projects/Java/Minecraft/faster-loading-template-1.17.1/.gradle/loom-cache/remapped_mods/remapped/net/fabricmc/fabric-api/fabric-loot-tables-v1-293d29cc/1.0.5+cf39a74318/fabric-loot-tables-v1-293d29cc-1.0.5+cf39a74318.jar:/home/four_dj/Projects/Java/Minecraft/faster-loading-template-1.17.1/.gradle/loom-cache/remapped_mods/remapped/net/fabricmc/fabric-api/fabric-mining-levels-v0-293d29cc/0.1.7+cf39a74318/fabric-mining-levels-v0-293d29cc-0.1.7+cf39a74318.jar:/home/four_dj/Projects/Java/Minecraft/faster-loading-template-1.17.1/.gradle/loom-cache/remapped_mods/remapped/net/fabricmc/fabric-api/fabric-object-builders-v0-293d29cc/0.7.8+cf39a74318/fabric-object-builders-v0-293d29cc-0.7.8+cf39a74318.jar:/home/four_dj/Projects/Java/Minecraft/faster-loading-template-1.17.1/.gradle/loom-cache/remapped_mods/remapped/net/fabricmc/fabric-api/fabric-object-builder-api-v1-293d29cc/1.11.1+f907116918/fabric-object-builder-api-v1-293d29cc-1.11.1+f907116918.jar:/home/four_dj/Projects/Java/Minecraft/faster-loading-template-1.17.1/.gradle/loom-cache/remapped_mods/remapped/net/fabricmc/fabric-api/fabric-tool-attribute-api-v1-293d29cc/1.3.3+3b96517518/fabric-tool-attribute-api-v1-293d29cc-1.3.3+3b96517518.jar:/home/four_dj/Projects/Java/Minecraft/faster-loading-template-1.17.1/.gradle/loom-cache/remapped_mods/remapped/net/fabricmc/fabric-api/fabric-mining-level-api-v1-293d29cc/1.0.3+cf39a74318/fabric-mining-level-api-v1-293d29cc-1.0.3+cf39a74318.jar:/home/four_dj/Projects/Java/Minecraft/faster-loading-template-1.17.1/.gradle/loom-cache/remapped_mods/remapped/net/fabricmc/fabric-api/fabric-models-v0-293d29cc/0.3.1+cf39a74318/fabric-models-v0-293d29cc-0.3.1+cf39a74318.jar:/home/four_dj/Projects/Java/Minecraft/faster-loading-template-1.17.1/.gradle/loom-cache/remapped_mods/remapped/net/fabricmc/fabric-api/fabric-networking-v0-293d29cc/0.3.3+cf39a74318/fabric-networking-v0-293d29cc-0.3.3+cf39a74318.jar:/home/four_dj/Projects/Java/Minecraft/faster-loading-template-1.17.1/.gradle/loom-cache/remapped_mods/remapped/net/fabricmc/fabric-api/fabric-registry-sync-v0-293d29cc/0.8.0+ea29b33318/fabric-registry-sync-v0-293d29cc-0.8.0+ea29b33318.jar:/home/four_dj/Projects/Java/Minecraft/faster-loading-template-1.17.1/.gradle/loom-cache/remapped_mods/remapped/net/fabricmc/fabric-api/fabric-screen-handler-api-v1-293d29cc/1.1.9+cf39a74318/fabric-screen-handler-api-v1-293d29cc-1.1.9+cf39a74318.jar:/home/four_dj/Projects/Java/Minecraft/faster-loading-template-1.17.1/.gradle/loom-cache/remapped_mods/remapped/net/fabricmc/fabric-api/fabric-networking-api-v1-293d29cc/1.0.14+cf39a74318/fabric-networking-api-v1-293d29cc-1.0.14+cf39a74318.jar:/home/four_dj/Projects/Java/Minecraft/faster-loading-template-1.17.1/.gradle/loom-cache/remapped_mods/remapped/net/fabricmc/fabric-api/fabric-networking-blockentity-v0-293d29cc/0.2.12+cf39a74318/fabric-networking-blockentity-v0-293d29cc-0.2.12+cf39a74318.jar:/home/four_dj/Projects/Java/Minecraft/faster-loading-template-1.17.1/.gradle/loom-cache/remapped_mods/remapped/net/fabricmc/fabric-api/fabric-particles-v1-293d29cc/0.2.5+cf39a74318/fabric-particles-v1-293d29cc-0.2.5+cf39a74318.jar:/home/four_dj/Projects/Java/Minecraft/faster-loading-template-1.17.1/.gradle/loom-cache/remapped_mods/remapped/net/fabricmc/fabric-api/fabric-renderer-indigo-293d29cc/0.4.10+ce16ae5918/fabric-renderer-indigo-293d29cc-0.4.10+ce16ae5918.jar:/home/four_dj/Projects/Java/Minecraft/faster-loading-template-1.17.1/.gradle/loom-cache/remapped_mods/remapped/net/fabricmc/fabric-api/fabric-renderer-api-v1-293d29cc/0.4.6+ce16ae5918/fabric-renderer-api-v1-293d29cc-0.4.6+ce16ae5918.jar:/home/four_dj/Projects/Java/Minecraft/faster-loading-template-1.17.1/.gradle/loom-cache/remapped_mods/remapped/net/fabricmc/fabric-api/fabric-renderer-registries-v1-293d29cc/3.2.6+cf39a74318/fabric-renderer-registries-v1-293d29cc-3.2.6+cf39a74318.jar:/home/four_dj/Projects/Java/Minecraft/faster-loading-template-1.17.1/.gradle/loom-cache/remapped_mods/remapped/net/fabricmc/fabric-api/fabric-rendering-data-attachment-v1-293d29cc/0.1.6+cf39a74318/fabric-rendering-data-attachment-v1-293d29cc-0.1.6+cf39a74318.jar:/home/four_dj/Projects/Java/Minecraft/faster-loading-template-1.17.1/.gradle/loom-cache/remapped_mods/remapped/net/fabricmc/fabric-api/fabric-rendering-fluids-v1-293d29cc/0.2.1+cf39a74318/fabric-rendering-fluids-v1-293d29cc-0.2.1+cf39a74318.jar:/home/four_dj/Projects/Java/Minecraft/faster-loading-template-1.17.1/.gradle/loom-cache/remapped_mods/remapped/net/fabricmc/fabric-api/fabric-rendering-v0-293d29cc/1.1.7+cf39a74318/fabric-rendering-v0-293d29cc-1.1.7+cf39a74318.jar:/home/four_dj/Projects/Java/Minecraft/faster-loading-template-1.17.1/.gradle/loom-cache/remapped_mods/remapped/net/fabricmc/fabric-api/fabric-rendering-v1-293d29cc/1.10.1+377137cc18/fabric-rendering-v1-293d29cc-1.10.1+377137cc18.jar:/home/four_dj/Projects/Java/Minecraft/faster-loading-template-1.17.1/.gradle/loom-cache/remapped_mods/remapped/net/fabricmc/fabric-api/fabric-screen-api-v1-293d29cc/1.0.5+cf39a74318/fabric-screen-api-v1-293d29cc-1.0.5+cf39a74318.jar:/home/four_dj/Projects/Java/Minecraft/faster-loading-template-1.17.1/.gradle/loom-cache/remapped_mods/remapped/net/fabricmc/fabric-api/fabric-tag-extensions-v0-293d29cc/1.2.3+cf39a74318/fabric-tag-extensions-v0-293d29cc-1.2.3+cf39a74318.jar:/home/four_dj/Projects/Java/Minecraft/faster-loading-template-1.17.1/.gradle/loom-cache/remapped_mods/remapped/net/fabricmc/fabric-api/fabric-textures-v0-293d29cc/1.0.7+cf39a74318/fabric-textures-v0-293d29cc-1.0.7+cf39a74318.jar:/home/four_dj/Projects/Java/Minecraft/faster-loading-template-1.17.1/.gradle/loom-cache/remapped_mods/remapped/net/fabricmc/fabric-api/fabric-api-base-293d29cc/0.4.0+cf39a74318/fabric-api-base-293d29cc-0.4.0+cf39a74318.jar:/home/four_dj/Projects/Java/Minecraft/faster-loading-template-1.17.1/.gradle/loom-cache/remapped_mods/remapped/net/fabricmc/fabric-api/fabric-biome-api-v1-293d29cc/3.2.2+cf39a74318/fabric-biome-api-v1-293d29cc-3.2.2+cf39a74318.jar:/home/four_dj/Projects/Java/Minecraft/faster-loading-template-1.17.1/.gradle/loom-cache/remapped_mods/remapped/net/fabricmc/fabric-api/fabric-crash-report-info-v1-293d29cc/0.1.6+cf39a74318/fabric-crash-report-info-v1-293d29cc-0.1.6+cf39a74318.jar:/home/four_dj/Projects/Java/Minecraft/faster-loading-template-1.17.1/.gradle/loom-cache/remapped_mods/remapped/net/fabricmc/fabric-api/fabric-game-rule-api-v1-293d29cc/1.0.8+cf39a74318/fabric-game-rule-api-v1-293d29cc-1.0.8+cf39a74318.jar:/home/four_dj/Projects/Java/Minecraft/faster-loading-template-1.17.1/.gradle/loom-cache/remapped_mods/remapped/net/fabricmc/fabric-api/fabric-keybindings-v0-293d29cc/0.2.4+cf39a74318/fabric-keybindings-v0-293d29cc-0.2.4+cf39a74318.jar:/home/four_dj/Projects/Java/Minecraft/faster-loading-template-1.17.1/.gradle/loom-cache/remapped_mods/remapped/net/fabricmc/fabric-api/fabric-key-binding-api-v1-293d29cc/1.0.6+2a2bb57318/fabric-key-binding-api-v1-293d29cc-1.0.6+2a2bb57318.jar:/home/four_dj/Projects/Java/Minecraft/faster-loading-template-1.17.1/.gradle/loom-cache/remapped_mods/remapped/net/fabricmc/fabric-api/fabric-resource-conditions-api-v1-293d29cc/1.0.1+591a0f2118/fabric-resource-conditions-api-v1-293d29cc-1.0.1+591a0f2118.jar:/home/four_dj/Projects/Java/Minecraft/faster-loading-template-1.17.1/.gradle/loom-cache/remapped_mods/remapped/net/fabricmc/fabric-api/fabric-resource-loader-v0-293d29cc/0.4.10+f09604ce18/fabric-resource-loader-v0-293d29cc-0.4.10+f09604ce18.jar)
[15:02:14] [Render thread/INFO] (Minecraft) Reloading ResourceManager: Default, Fabric Mods (Fabric Tool Attribute API (v1), Fabric Loader, Fabric Screen API (v1), Fabric API Lookup API (v1), Fabric Crash Report Info (v1), Fabric Networking Block Entity (v0), Fabric Registry Sync (v0), Fabric Object Builders (v0), Fabric Tag Extensions (v0), Fabric Particles (v1), Fabric Rendering (v1), Fabric Mining Level API (v1), Fabric Lifecycle Events (v1), Fabric Dimensions API (v1), Fabric BlockRenderLayer Registration (v1), Fabric Entity Events (v1), Fabric Mining Levels (v0), Fabric Rendering (v0), Fabric Content Registries (v0), Fabric Networking (v0), Fabric Object Builder API (v1), Fabric Resource Loader (v0), Fabric Renderer Registries (v1), Fabric Textures (v0), Fabric Screen Handler API (v1), Fabric API, Fabric Game Test API (v1), Fabric API Base, Fabric Events Interaction (v0), Fabric Rendering Data Attachment (v1), Fabric Item API (v1), Fabric Resource Conditions API (v1), Fabric Item Groups (v0), Fabric Key Bindings (v0), Fabric Renderer API (v1), Fabric Commands (v0), Fabric Renderer - Indigo, Fabric Events Lifecycle (v0), Faster Loading, Fabric Structure API (v1), Fabric Command API (v1), Fabric Key Binding API (v1), Fabric Rendering Fluids (v1), Fabric Models (v0), Fabric Transfer API (v1), Fabric Containers (v0), Fabric Game Rule API (v1), Fabric Loot Tables (v1), Fabric Networking API (v1), Fabric Data Generation API (v1), Fabric Biome API (v1))
[15:02:15] [Realms Notification Availability checker #1/INFO] (Minecraft) Could not authorize you against Realms server: java.lang.RuntimeException: Failed to parse into SignedJWT: FabricMC
[15:02:16] [Render thread/INFO] (Minecraft) OpenAL initialized.
[15:02:16] [Render thread/INFO] (Minecraft) Sound engine started
[15:02:16] [Render thread/INFO] (Minecraft) Created: 1024x1024x4 minecraft:textures/atlas/blocks.png-atlas
[15:02:16] [Render thread/INFO] (Minecraft) Created: 256x128x4 minecraft:textures/atlas/signs.png-atlas
[15:02:16] [Render thread/INFO] (Minecraft) Created: 1024x512x4 minecraft:textures/atlas/banner_patterns.png-atlas
[15:02:16] [Render thread/INFO] (Minecraft) Created: 1024x512x4 minecraft:textures/atlas/shield_patterns.png-atlas
[15:02:16] [Render thread/INFO] (Minecraft) Created: 256x256x4 minecraft:textures/atlas/chest.png-atlas
[15:02:16] [Render thread/INFO] (Minecraft) Created: 512x256x4 minecraft:textures/atlas/beds.png-atlas
[15:02:16] [Render thread/INFO] (Minecraft) Created: 512x256x4 minecraft:textures/atlas/shulker_boxes.png-atlas
[15:02:16] [Render thread/INFO] (Minecraft) Created: 256x256x0 minecraft:textures/atlas/particles.png-atlas
[15:02:16] [Render thread/INFO] (Minecraft) Created: 256x256x0 minecraft:textures/atlas/paintings.png-atlas
[15:02:16] [Render thread/INFO] (Minecraft) Created: 256x128x0 minecraft:textures/atlas/mob_effects.png-atlas
[15:02:24] [Render thread/INFO] (Minecraft) Reloading ResourceManager: Default, Fabric Mods (Fabric Tool Attribute API (v1), Fabric Loader, Fabric Screen API (v1), Fabric API Lookup API (v1), Fabric Crash Report Info (v1), Fabric Networking Block Entity (v0), Fabric Registry Sync (v0), Fabric Object Builders (v0), Fabric Tag Extensions (v0), Fabric Particles (v1), Fabric Rendering (v1), Fabric Mining Level API (v1), Fabric Lifecycle Events (v1), Fabric Dimensions API (v1), Fabric BlockRenderLayer Registration (v1), Fabric Entity Events (v1), Fabric Mining Levels (v0), Fabric Rendering (v0), Fabric Content Registries (v0), Fabric Networking (v0), Fabric Object Builder API (v1), Fabric Resource Loader (v0), Fabric Renderer Registries (v1), Fabric Textures (v0), Fabric Screen Handler API (v1), Fabric API, Fabric Game Test API (v1), Fabric API Base, Fabric Events Interaction (v0), Fabric Rendering Data Attachment (v1), Fabric Item API (v1), Fabric Resource Conditions API (v1), Fabric Item Groups (v0), Fabric Key Bindings (v0), Fabric Renderer API (v1), Fabric Commands (v0), Fabric Renderer - Indigo, Fabric Events Lifecycle (v0), Faster Loading, Fabric Structure API (v1), Fabric Command API (v1), Fabric Key Binding API (v1), Fabric Rendering Fluids (v1), Fabric Models (v0), Fabric Transfer API (v1), Fabric Containers (v0), Fabric Game Rule API (v1), Fabric Loot Tables (v1), Fabric Networking API (v1), Fabric Data Generation API (v1), Fabric Biome API (v1)), Programmer Art ()
[15:02:24] [Render thread/INFO] (Minecraft) OpenAL initialized.
[15:02:24] [Render thread/INFO] (Minecraft) Sound engine started
[15:02:24] [Render thread/INFO] (Minecraft) Created: 1024x1024x4 minecraft:textures/atlas/blocks.png-atlas
[15:02:24] [Render thread/INFO] (Minecraft) Created: 256x128x4 minecraft:textures/atlas/signs.png-atlas
[15:02:24] [Render thread/INFO] (Minecraft) Created: 1024x512x4 minecraft:textures/atlas/banner_patterns.png-atlas
[15:02:24] [Render thread/INFO] (Minecraft) Created: 1024x512x4 minecraft:textures/atlas/shield_patterns.png-atlas
[15:02:24] [Render thread/INFO] (Minecraft) Created: 256x256x4 minecraft:textures/atlas/chest.png-atlas
[15:02:24] [Render thread/INFO] (Minecraft) Created: 512x256x4 minecraft:textures/atlas/beds.png-atlas
[15:02:24] [Render thread/INFO] (Minecraft) Created: 512x256x4 minecraft:textures/atlas/shulker_boxes.png-atlas
[15:02:24] [Render thread/INFO] (Minecraft) Created: 256x256x0 minecraft:textures/atlas/particles.png-atlas
[15:02:24] [Render thread/INFO] (Minecraft) Created: 256x256x0 minecraft:textures/atlas/paintings.png-atlas
[15:02:24] [Render thread/INFO] (Minecraft) Created: 256x128x0 minecraft:textures/atlas/mob_effects.png-atlas
[15:02:27] [Render thread/INFO] (Minecraft) Stopping!
